mode: set
github.com/vasu1124/introspect/pkg/apis/introspect/v1alpha1/zz_generated.deepcopy.go:27.61,34.2 6 1
github.com/vasu1124/introspect/pkg/apis/introspect/v1alpha1/zz_generated.deepcopy.go:37.54,38.15 1 1
github.com/vasu1124/introspect/pkg/apis/introspect/v1alpha1/zz_generated.deepcopy.go:41.2,43.12 3 1
github.com/vasu1124/introspect/pkg/apis/introspect/v1alpha1/zz_generated.deepcopy.go:38.15,40.3 1 0
github.com/vasu1124/introspect/pkg/apis/introspect/v1alpha1/zz_generated.deepcopy.go:47.59,48.34 1 0
github.com/vasu1124/introspect/pkg/apis/introspect/v1alpha1/zz_generated.deepcopy.go:51.2,51.12 1 0
github.com/vasu1124/introspect/pkg/apis/introspect/v1alpha1/zz_generated.deepcopy.go:48.34,50.3 1 0
github.com/vasu1124/introspect/pkg/apis/introspect/v1alpha1/zz_generated.deepcopy.go:55.69,59.21 4 0
github.com/vasu1124/introspect/pkg/apis/introspect/v1alpha1/zz_generated.deepcopy.go:66.2,66.8 1 0
github.com/vasu1124/introspect/pkg/apis/introspect/v1alpha1/zz_generated.deepcopy.go:59.21,62.22 3 0
github.com/vasu1124/introspect/pkg/apis/introspect/v1alpha1/zz_generated.deepcopy.go:62.22,64.4 1 0
github.com/vasu1124/introspect/pkg/apis/introspect/v1alpha1/zz_generated.deepcopy.go:70.62,71.15 1 0
github.com/vasu1124/introspect/pkg/apis/introspect/v1alpha1/zz_generated.deepcopy.go:74.2,76.12 3 0
github.com/vasu1124/introspect/pkg/apis/introspect/v1alpha1/zz_generated.deepcopy.go:71.15,73.3 1 0
github.com/vasu1124/introspect/pkg/apis/introspect/v1alpha1/zz_generated.deepcopy.go:80.63,81.34 1 0
github.com/vasu1124/introspect/pkg/apis/introspect/v1alpha1/zz_generated.deepcopy.go:84.2,84.12 1 0
github.com/vasu1124/introspect/pkg/apis/introspect/v1alpha1/zz_generated.deepcopy.go:81.34,83.3 1 0
github.com/vasu1124/introspect/pkg/apis/introspect/v1alpha1/zz_generated.deepcopy.go:88.69,91.2 2 0
github.com/vasu1124/introspect/pkg/apis/introspect/v1alpha1/zz_generated.deepcopy.go:94.62,95.15 1 0
github.com/vasu1124/introspect/pkg/apis/introspect/v1alpha1/zz_generated.deepcopy.go:98.2,100.12 3 0
github.com/vasu1124/introspect/pkg/apis/introspect/v1alpha1/zz_generated.deepcopy.go:95.15,97.3 1 0
github.com/vasu1124/introspect/pkg/apis/introspect/v1alpha1/zz_generated.deepcopy.go:104.73,106.27 2 1
github.com/vasu1124/introspect/pkg/apis/introspect/v1alpha1/zz_generated.deepcopy.go:111.2,111.23 1 1
github.com/vasu1124/introspect/pkg/apis/introspect/v1alpha1/zz_generated.deepcopy.go:116.2,116.8 1 1
github.com/vasu1124/introspect/pkg/apis/introspect/v1alpha1/zz_generated.deepcopy.go:106.27,110.3 3 0
github.com/vasu1124/introspect/pkg/apis/introspect/v1alpha1/zz_generated.deepcopy.go:111.23,115.3 3 0
github.com/vasu1124/introspect/pkg/apis/introspect/v1alpha1/zz_generated.deepcopy.go:120.66,121.15 1 0
github.com/vasu1124/introspect/pkg/apis/introspect/v1alpha1/zz_generated.deepcopy.go:124.2,126.12 3 0
github.com/vasu1124/introspect/pkg/apis/introspect/v1alpha1/zz_generated.deepcopy.go:121.15,123.3 1 0
github.com/vasu1124/introspect/pkg/apis/introspect/v1alpha1/register.go:44.53,46.2 1 0
github.com/vasu1124/introspect/pkg/apis/introspect/v1alpha1/uselessmachine_types.go:77.13,79.2 1 1
github.com/vasu1124/introspect/pkg/controller/websocket/websocket_controller.go:35.73,37.2 1 0
github.com/vasu1124/introspect/pkg/controller/websocket/websocket_controller.go:46.98,48.81 2 0
github.com/vasu1124/introspect/pkg/controller/websocket/websocket_controller.go:52.2,52.56 1 0
github.com/vasu1124/introspect/pkg/controller/websocket/websocket_controller.go:56.2,56.32 1 0
github.com/vasu1124/introspect/pkg/controller/websocket/websocket_controller.go:48.81,50.3 1 0
github.com/vasu1124/introspect/pkg/controller/websocket/websocket_controller.go:52.56,54.3 1 0
github.com/vasu1124/introspect/pkg/controller/websocket/websocket_controller.go:60.71,63.2 2 0
github.com/vasu1124/introspect/pkg/controller/useless/useless_controller.go:40.98,43.80 2 0
github.com/vasu1124/introspect/pkg/controller/useless/useless_controller.go:52.2,53.56 2 0
github.com/vasu1124/introspect/pkg/controller/useless/useless_controller.go:62.2,62.32 1 0
github.com/vasu1124/introspect/pkg/controller/useless/useless_controller.go:43.80,44.29 1 0
github.com/vasu1124/introspect/pkg/controller/useless/useless_controller.go:50.3,50.33 1 0
github.com/vasu1124/introspect/pkg/controller/useless/useless_controller.go:44.29,48.4 1 0
github.com/vasu1124/introspect/pkg/controller/useless/useless_controller.go:53.56,58.69 4 0
github.com/vasu1124/introspect/pkg/controller/useless/useless_controller.go:58.69,60.4 1 0
github.com/vasu1124/introspect/pkg/controller/useless/useless_controller.go:65.128,72.2 3 0
github.com/vasu1124/introspect/pkg/controller/useless/useless_controller.go:75.71,78.2 2 0
